<?xml version="1.0" encoding="UTF-8"?>
<!-- Generated by org.testng.reporters.JUnitXMLReporter -->
<testsuite ignored="2" hostname="DESKTOP-88O46TK" failures="0" tests="1" name="Default test" time="6.758" errors="0" timestamp="2023-03-27T23:17:00 IST">
  <testcase classname="com.apitest.SingleUserRepoTest" name="getSingleUserWithValidAuth" time="6.527"/>
  <testcase classname="com.apitest.SingleUserRepoTest" name="getSingleUserWithInValidAuth" time="0.0">
    <ignored/>
  </testcase> <!-- getSingleUserWithInValidAuth -->
  <testcase classname="com.apitest.SingleUserRepoTest" name="getSingleUserWithInvaldRepo" time="0.0">
    <ignored/>
  </testcase> <!-- getSingleUserWithInvaldRepo -->
</testsuite> <!-- Default test -->
